This is pdfTeX, Version 3.1415926-2.3-1.40.12 (MiKTeX 2.9) (preloaded format=pdflatex 2020.4.19)  10 JUN 2020 10:41
entering extended mode
**2019-2103latex.tex

("C:\Users\miaosilin\Documents\Latex_workingfiles\‰∏≠ÂõΩÂüéÂ∏ÇÊàøÂú∞‰∫ß‰æõÁªôÁª
ìÊûÑÁ†îÁ©∂\Êîπ 2019-2103Latex\Êîπ2019-2103Latex\2019-2103latex.tex"
LaTeX2e <2011/06/27>
Babel <v3.8m> and hyphenation patterns for loaded.
(D:\CTEX\CTeX\tex\latex\cct\cctart.cls
Document Class: cctart 2004/10/14 Derived from the `article' class
(D:\CTEX\MiKTeX\tex\latex\base\article.cls
Document Class: article 2007/10/19 v1.4h Standard LaTeX document class
(D:\CTEX\MiKTeX\tex\latex\base\size10.clo
File: size10.clo 2007/10/19 v1.4h Standard LaTeX file (size option)
)
\c@part=\count79
\c@section=\count80
\c@subsection=\count81
\c@subsubsection=\count82
\c@paragraph=\count83
\c@subparagraph=\count84
\c@figure=\count85
\c@table=\count86
\abovecaptionskip=\skip41
\belowcaptionskip=\skip42
\bibindent=\dimen102
)
(D:\CTEX\CTeX\tex\latex\cct\cctbase.sty
Package: cctbase 2006/05/17
 (D:\CTEX\CTeX\tex\latex\cct\CCT.sty
0.61803 [2009/11/20] (D:\CTEX\CTeX\tex\latex\cct\cchead.sty
\!ZihaoNo=\count87
\ccwd=\dimen103
\ccht=\dimen104
\ccdp=\dimen105
\!ccbox=\box26
\!ccbdskip=\skip43
)
Package: CCT 2009/11/20 0.61803
\@CCTcnta=\count88
\@CCTcntb=\count89
\@CCTlastkern=\count90
\@CCTglue=\skip44
\@CCTtoks=\toks14

(D:\CTEX\CTeX\tex\latex\cct\CCT.cfg) (D:\CTEX\CTeX\tex\latex\cct\GBKkern.cfg)
(D:\CTEX\CTeX\tex\latex\CJK\GB\c19song.fd) (\ziti{A}->gbksong)
\@CCTskip=\skip45
)))
(D:\CTEX\CTeX\tex\latex\clatex\headrule.sty)
(D:\CTEX\CTeX\tex\latex\clatex\vatola.sty
\plaincentering=\skip46
\intno@=\count91
\hashtoks@=\toks15
)
(D:\CTEX\MiKTeX\tex\latex\amsfonts\amssymb.sty
Package: amssymb 2009/06/22 v3.00

(D:\CTEX\MiKTeX\tex\latex\amsfonts\amsfonts.sty
Package: amsfonts 2009/06/22 v3.00 Basic AMSFonts support
\@emptytoks=\toks16
\symAMSa=\mathgroup4
\symAMSb=\mathgroup5
LaTeX Font Info:    Overwriting math alphabet `\mathfrak' in version `bold'
(Font)                  U/euf/m/n --> U/euf/b/n on input line 96.
))
(D:\CTEX\MiKTeX\tex\latex\graphics\graphicx.sty
Package: graphicx 1999/02/16 v1.0f Enhanced LaTeX Graphics (DPC,SPQR)

(D:\CTEX\MiKTeX\tex\latex\graphics\keyval.sty
Package: keyval 1999/03/16 v1.13 key=value parser (DPC)
\KV@toks@=\toks17
)
(D:\CTEX\MiKTeX\tex\latex\graphics\graphics.sty
Package: graphics 2009/02/05 v1.0o Standard LaTeX Graphics (DPC,SPQR)

(D:\CTEX\MiKTeX\tex\latex\graphics\trig.sty
Package: trig 1999/03/16 v1.09 sin cos tan (DPC)
)
(D:\CTEX\MiKTeX\tex\latex\00miktex\graphics.cfg
File: graphics.cfg 2007/01/18 v1.5 graphics configuration of teTeX/TeXLive
)
Package graphics Info: Driver file: pdftex.def on input line 91.

(D:\CTEX\MiKTeX\tex\latex\pdftex-def\pdftex.def
File: pdftex.def 2011/05/27 v0.06d Graphics/color for pdfTeX

(D:\CTEX\MiKTeX\tex\generic\oberdiek\infwarerr.sty
Package: infwarerr 2010/04/08 v1.3 Providing info/warning/message (HO)
)
(D:\CTEX\MiKTeX\tex\generic\oberdiek\ltxcmds.sty
Package: ltxcmds 2011/04/18 v1.20 LaTeX kernel commands for general use (HO)
)
\Gread@gobject=\count92
))
\Gin@req@height=\dimen106
\Gin@req@width=\dimen107
)
(D:\CTEX\MiKTeX\tex\latex\multirow\multirow.sty
\bigstrutjot=\dimen108
)
(D:\CTEX\MiKTeX\tex\latex\tools\bm.sty
Package: bm 2004/02/26 v1.1c Bold Symbol Support (DPC/FMi)
\symboldoperators=\mathgroup6
\symboldletters=\mathgroup7
\symboldsymbols=\mathgroup8
LaTeX Font Info:    Redeclaring math alphabet \mathbf on input line 138.
LaTeX Info: Redefining \bm on input line 204.
)
(D:\CTEX\MiKTeX\tex\latex\ams\math\amstext.sty
Package: amstext 2000/06/29 v2.01

(D:\CTEX\MiKTeX\tex\latex\ams\math\amsgen.sty
File: amsgen.sty 1999/11/30 v2.0
\@emptytoks=\toks18
\ex@=\dimen109
))
(D:\CTEX\MiKTeX\tex\latex\booktabs\booktabs.sty
Package: booktabs 2005/04/14 v1.61803 publication quality tables
\heavyrulewidth=\dimen110
\lightrulewidth=\dimen111
\cmidrulewidth=\dimen112
\belowrulesep=\dimen113
\belowbottomsep=\dimen114
\aboverulesep=\dimen115
\abovetopsep=\dimen116
\cmidrulesep=\dimen117
\cmidrulekern=\dimen118
\defaultaddspace=\dimen119
\@cmidla=\count93
\@cmidlb=\count94
\@aboverulesep=\dimen120
\@belowrulesep=\dimen121
\@thisruleclass=\count95
\@lastruleclass=\count96
\@thisrulewidth=\dimen122
)
(D:\CTEX\MiKTeX\tex\latex\tools\dcolumn.sty
Package: dcolumn 2001/05/28 v1.06 decimal alignment package (DPC)

(D:\CTEX\MiKTeX\tex\latex\tools\array.sty
Package: array 2008/09/09 v2.4c Tabular extension package (FMi)
\col@sep=\dimen123
\extrarowheight=\dimen124
\NC@list=\toks19
\extratabsurround=\skip47
\backup@length=\skip48
))
(D:\CTEX\MiKTeX\tex\latex\tools\tabularx.sty
Package: tabularx 1999/01/07 v2.07 `tabularx' package (DPC)
\TX@col@width=\dimen125
\TX@old@table=\dimen126
\TX@old@col=\dimen127
\TX@target=\dimen128
\TX@delta=\dimen129
\TX@cols=\count97
\TX@ftn=\toks20
)
(D:\CTEX\MiKTeX\tex\latex\slashbox\slashbox.sty
slashbox style by K.Yasuoka, May 1993.
\@slashboxa=\box27
\@slashboxb=\box28
\@slashboxc=\box29
\@slashboxwd=\count98
\@slashboxht=\count99
\@slashsepl=\dimen130
\@slashsepr=\dimen131
) (D:\CTEX\MiKTeX\tex\latex\hyperref\hyperref.sty
Package: hyperref 2012/02/06 v6.82o Hypertext links for LaTeX

(D:\CTEX\MiKTeX\tex\generic\oberdiek\hobsub-hyperref.sty
Package: hobsub-hyperref 2011/04/23 v1.4 Bundle oberdiek, subset hyperref (HO)

(D:\CTEX\MiKTeX\tex\generic\oberdiek\hobsub-generic.sty
Package: hobsub-generic 2011/04/23 v1.4 Bundle oberdiek, subset generic (HO)
Package: hobsub 2011/04/23 v1.4 Subsetting bundle oberdiek (HO)
Package hobsub Info: Skipping package `infwarerr' (already loaded).
Package hobsub Info: Skipping package `ltxcmds' (already loaded).
Package: ifluatex 2010/03/01 v1.3 Provides the ifluatex switch (HO)
Package ifluatex Info: LuaTeX not detected.
Package: ifvtex 2010/03/01 v1.5 Switches for detecting VTeX and its modes (HO)
Package ifvtex Info: VTeX not detected.
Package: intcalc 2007/09/27 v1.1 Expandable integer calculations (HO)
Package: ifpdf 2011/01/30 v2.3 Provides the ifpdf switch (HO)
Package ifpdf Info: pdfTeX in PDF mode is detected.
Package: etexcmds 2011/02/16 v1.5 Prefix for e-TeX command names (HO)
Package etexcmds Info: Could not find \expanded.
(etexcmds)             That can mean that you are not using pdfTeX 1.50 or
(etexcmds)             that some package has redefined \expanded.
(etexcmds)             In the latter case, load this package earlier.
Package: kvsetkeys 2011/04/07 v1.13 Key value parser (HO)
Package: kvdefinekeys 2011/04/07 v1.3 Defining keys (HO)
Package: pdftexcmds 2011/04/22 v0.16 Utilities of pdfTeX for LuaTeX (HO)
Package pdftexcmds Info: LuaTeX not detected.
Package pdftexcmds Info: \pdf@primitive is available.
Package pdftexcmds Info: \pdf@ifprimitive is available.
Package pdftexcmds Info: \pdfdraftmode found.
Package: pdfescape 2011/04/04 v1.12 Provides string conversions (HO)
Package: bigintcalc 2011/01/30 v1.2 Expandable big integer calculations (HO)
Package: bitset 2011/01/30 v1.1 Data type bit set (HO)
Package: uniquecounter 2011/01/30 v1.2 Provides unlimited unique counter (HO)
)
Package hobsub Info: Skipping package `hobsub' (already loaded).
Package: letltxmacro 2010/09/02 v1.4 Let assignment for LaTeX macros (HO)
Package: hopatch 2011/01/30 v1.0 Wrapper for package hooks (HO)
Package: xcolor-patch 2011/01/30 xcolor patch
Package: atveryend 2011/04/23 v1.7 Hooks at very end of document (HO)
Package: atbegshi 2011/01/30 v1.15 At begin shipout hook (HO)
Package: refcount 2010/12/01 v3.2 Data extraction from references (HO)
Package: hycolor 2011/01/30 v1.7 Color options of hyperref/bookmark (HO)
)
(D:\CTEX\MiKTeX\tex\generic\ifxetex\ifxetex.sty
Package: ifxetex 2010/09/12 v0.6 Provides ifxetex conditional
)
(D:\CTEX\MiKTeX\tex\latex\oberdiek\kvoptions.sty
Package: kvoptions 2010/12/23 v3.10 Keyval support for LaTeX options (HO)
)
\@linkdim=\dimen132
\Hy@linkcounter=\count100
\Hy@pagecounter=\count101

(D:\CTEX\MiKTeX\tex\latex\hyperref\pd1enc.def
File: pd1enc.def 2012/02/06 v6.82o Hyperref: PDFDocEncoding definition (HO)
)
\Hy@SavedSpaceFactor=\count102

(D:\CTEX\MiKTeX\tex\latex\00miktex\hyperref.cfg
File: hyperref.cfg 2002/06/06 v1.2 hyperref configuration of TeXLive
)
Package hyperref Info: Hyper figures OFF on input line 4046.
Package hyperref Info: Link nesting OFF on input line 4051.
Package hyperref Info: Hyper index ON on input line 4054.
Package hyperref Info: Plain pages OFF on input line 4061.
Package hyperref Info: Backreferencing ON on input line 4064.
Package hyperref Info: Implicit mode ON; LaTeX internals redefined.
Package hyperref Info: Bookmarks ON on input line 4284.

(D:\CTEX\MiKTeX\tex\latex\hyperref\backref.sty
Package: backref 2010/08/30 v1.36 Bibliographical back referencing

(D:\CTEX\MiKTeX\tex\latex\oberdiek\rerunfilecheck.sty
Package: rerunfilecheck 2011/04/15 v1.7 Rerun checks for auxiliary files (HO)
Package uniquecounter Info: New unique counter `rerunfilecheck' on input line 2
82.
))
\c@Hy@tempcnt=\count103

(D:\CTEX\MiKTeX\tex\latex\ltxmisc\url.sty
\Urlmuskip=\muskip10
Package: url 2006/04/12  ver 3.3  Verb mode for urls, etc.
)
LaTeX Info: Redefining \url on input line 4637.
\Fld@menulength=\count104
\Field@Width=\dimen133
\Fld@charsize=\dimen134
Package hyperref Info: Hyper figures OFF on input line 5757.
Package hyperref Info: Link nesting OFF on input line 5762.
Package hyperref Info: Hyper index ON on input line 5765.
Package hyperref Info: backreferencing ON on input line 5770.
Package hyperref Info: Link coloring OFF on input line 5777.
Package hyperref Info: Link coloring with OCG OFF on input line 5782.
Package hyperref Info: PDF/A mode OFF on input line 5787.
LaTeX Info: Redefining \ref on input line 5827.
LaTeX Info: Redefining \pageref on input line 5831.
\Hy@abspage=\count105
\c@Item=\count106
\c@Hfootnote=\count107
)

Package hyperref Message: Driver (autodetected): hpdftex.

(D:\CTEX\MiKTeX\tex\latex\hyperref\hpdftex.def
File: hpdftex.def 2012/02/06 v6.82o Hyperref driver for pdfTeX
\Fld@listcount=\count108
\c@bookmark@seq@number=\count109
\Hy@SectionHShift=\skip49
)
No auxiliary output files.

(D:\CTEX\MiKTeX\tex\latex\oberdiek\epstopdf.sty
Package: epstopdf 2010/02/09 v2.5 Conversion with epstopdf on the fly (HO)

(D:\CTEX\MiKTeX\tex\latex\oberdiek\epstopdf-base.sty
Package: epstopdf-base 2010/02/09 v2.5 Base part for package epstopdf

(D:\CTEX\MiKTeX\tex\latex\oberdiek\grfext.sty
Package: grfext 2010/08/19 v1.1 Managing graphics extensions (HO)
)
Package grfext Info: Graphics extension search list:
(grfext)             [.png,.pdf,.jpg,.mps,.jpeg,.jbig2,.jb2,.PNG,.PDF,.JPG,.JPE
G,.JBIG2,.JB2,.eps]
(grfext)             \AppendGraphicsExtensions on input line 452.
))
No file 2019-2103latex.aux.
LaTeX Font Info:    Checking defaults for OML/cmm/m/it on input line 72.
LaTeX Font Info:    ... okay on input line 72.
LaTeX Font Info:    Checking defaults for T1/cmr/m/n on input line 72.
LaTeX Font Info:    ... okay on input line 72.
LaTeX Font Info:    Checking defaults for OT1/cmr/m/n on input line 72.
LaTeX Font Info:    ... okay on input line 72.
LaTeX Font Info:    Checking defaults for OMS/cmsy/m/n on input line 72.
LaTeX Font Info:    ... okay on input line 72.
LaTeX Font Info:    Checking defaults for OMX/cmex/m/n on input line 72.
LaTeX Font Info:    ... okay on input line 72.
LaTeX Font Info:    Checking defaults for U/cmr/m/n on input line 72.
LaTeX Font Info:    ... okay on input line 72.
LaTeX Font Info:    Checking defaults for PD1/pdf/m/n on input line 72.
LaTeX Font Info:    ... okay on input line 72.
(D:\CTEX\MiKTeX\tex\context\base\supp-pdf.mkii
[Loading MPS to PDF converter (version 2006.09.02).]
\scratchcounter=\count110
\scratchdimen=\dimen135
\scratchbox=\box30
\nofMPsegments=\count111
\nofMParguments=\count112
\everyMPshowfont=\toks21
\MPscratchCnt=\count113
\MPscratchDim=\dimen136
\MPnumerator=\count114
\makeMPintoPDFobject=\count115
\everyMPtoPDFconversion=\toks22
)
\AtBeginShipoutBox=\box31
Package hyperref Info: Link coloring OFF on input line 72.
 (D:\CTEX\MiKTeX\tex\latex\hyperref\nameref.sty
Package: nameref 2010/04/30 v2.40 Cross-referencing by name of section

(D:\CTEX\MiKTeX\tex\generic\oberdiek\gettitlestring.sty
Package: gettitlestring 2010/12/03 v1.4 Cleanup title references (HO)
)
\c@section@level=\count116
)
LaTeX Info: Redefining \ref on input line 72.
LaTeX Info: Redefining \pageref on input line 72.
LaTeX Info: Redefining \nameref on input line 72.

Underfull \hbox (badness 10000) in paragraph at lines 90--93

 []

LaTeX Font Info:    Try loading font information for U+msa on input line 98.
(D:\CTEX\MiKTeX\tex\latex\amsfonts\umsa.fd
File: umsa.fd 2009/06/22 v3.00 AMS symbols A
)
LaTeX Font Info:    Try loading font information for U+msb on input line 98.

(D:\CTEX\MiKTeX\tex\latex\amsfonts\umsb.fd
File: umsb.fd 2009/06/22 v3.00 AMS symbols B
)

Package hyperref Warning: Ignoring empty anchor on input line 98.

(D:\CTEX\CTeX\tex\latex\CJK\GB\c19hei.fd) (\ziti{B}->gbkhei)

Package hyperref Warning: Ignoring empty anchor on input line 99.

Loading punctuation table gbksong.tbl

Package hyperref Warning: Ignoring empty anchor on input line 100.


Package hyperref Warning: Ignoring empty anchor on input line 102.


Package hyperref Warning: Ignoring empty anchor on input line 103.

(D:\CTEX\CTeX\tex\latex\CJK\GB\c19fs.fd) (\ziti{D}->gbkfs)
Loading punctuation table gbkfs.tbl [1

{D:/CTEX/UserData/pdftex/config/pdftex.map{Unicode.sfd}{UGBK.sfd}}]

LaTeX Warning: Citation `12' on page 2 undefined on input line 160.


Underfull \vbox (badness 3735) has occurred while \output is active []

 [2

]
Underfull \vbox (badness 5475) has occurred while \output is active []

 [3]
LaTeX Font Info:    Try loading font information for OMS+cmr on input line 352.


(D:\CTEX\MiKTeX\tex\latex\base\omscmr.fd
File: omscmr.fd 1999/05/25 v2.5h Standard LaTeX font definitions
)
LaTeX Font Info:    Font shape `OMS/cmr/bx/n' in size <10> not available
(Font)              Font shape `OMS/cmsy/b/n' tried instead on input line 352.
 [4] [5]
Overfull \hbox (8.29808pt too wide) in paragraph at lines 429--430
[]\gbksong39-10.5 l \gbksong51-10.5  \gbksong60-10.5 . 5 \gbksong64-10.5 ü \gb
ksong48-10.5 5 \gbksong47-10.5 w\OT1/cmr/m/n/10 , \gbksong84-10.5 Õ \gbksong43-
10.5 ‹ \gbksong40-10.5 › \gbksong51-10.5  \gbksong60-10.5 .$[]$\gbksong55-10.5
 ¢ \gbksong45-10.5 S \gbksong58-10.5 è \gbksong42-10.5 à \gbksong65-10.5 f \gbk
song59-10.5 X \gbksong57-10.5 ⁄ \gbksong40-10.5  \gbksong45-10.5 A \gbksong43-
10.5 € \gbksong52-10.5 ≤ \gbksong46-10.5 ˛ \gbksong55-10.5 Í \gbksong62-10.5 Ü 
\gbksong56-10.5 é \gbksong55-10.5 ‚ \gbksong52-10.5 ≤ \gbksong46-10.5 ˛ \gbkson
g55-10.5 Í \gbksong40-10.5  \gbksong37-10.5 ' \gbksong64-10.5 ä\OT1/cmr/m/n/10
 , \gbksong54-10.5  \gbksong64-10.5 ä \gbksong41-10.5 â \gbksong58-10.5 å è$[]
 \OMS/cmsy/m/n/10 2$
 []


Overfull \hbox (2.87973pt too wide) in paragraph at lines 464--465
\gbksong48-10.5 l\OT1/cmr/m/n/10 , \gbksong62-10.5 d \gbksong47-10.5 Ö \gbksong
58-10.5 ‹ \gbksong37-10.5 ÿ \gbksong40-10.5  \gbksong55-10.5 ™ \gbksong47-10.5
 å \gbksong64-10.5  \gbksong52-10.5 ≤ \gbksong41-10.5 ê \gbksong52-10.5 ≤ \gbk
song46-10.5 ˛ \gbksong55-10.5 Í \gbksong39-10.5 å \gbksong62-10.5 u \gbksong40-
10.5  \gbksong62-10.5 u \gbksong56-10.5 é \gbksong55-10.5 ‚ \gbksong52-10.5 ≤ 
\gbksong46-10.5 ˛ \gbksong55-10.5 Í\OT1/cmr/m/n/10 , \gbksong43-10.5 $\OML/cmm
/m/it/10 T[] > []$\OT1/cmr/m/n/10 , \gbksong53-10.5 Ö \gbksong60-10.5  \gbkson
g40-10.5 N ›  \gbksong54-10.5  \gbksong64-10.5 ä \gbksong41-10.5 â \gbksong58
-10.5 å è$\OML/cmm/m/it/10 T[] \OMS/cmsy/m/n/10 2 []$|\gbksong25-10.5 "|
 []

[6]
Underfull \vbox (badness 3271) has occurred while \output is active []

 [7]
Loading punctuation table gbkhei.tbl <1.pdf, id=165, 1445.4pt x 686.565pt>
File: 1.pdf Graphic file (type pdf)

<use 1.pdf>
Package pdftex.def Info: 1.pdf used on input line 535.
(pdftex.def)             Requested size: 352.10284pt x 167.25133pt.
 <2a.pdf, id=166, 722.7pt x 361.35pt>
File: 2a.pdf Graphic file (type pdf)
 <use 2a.pdf>
Package pdftex.def Info: 2a.pdf used on input line 542.
(pdftex.def)             Requested size: 267.6016pt x 133.80217pt.

<2b.pdf, id=167, 765.8683pt x 473.8774pt>
File: 2b.pdf Graphic file (type pdf)
 <use 2b.pdf>
Package pdftex.def Info: 2b.pdf used on input line 543.
(pdftex.def)             Requested size: 194.82709pt x 120.54428pt.
 [8 <C:/Users/miaosilin/Documents/Latex_workingfiles/‰∏≠ÂõΩÂüéÂ∏ÇÊàøÂú∞‰∫ß‰æõÁª
ôÁªìÊûÑÁ†îÁ©∂/Êîπ 2019-2103Latex/Êîπ2019-2103Latex/1.pdf> <C:/Users/miaosilin/D
ocuments/Latex_workingfiles/‰∏≠ÂõΩÂüéÂ∏ÇÊàøÂú∞‰∫ß‰æõÁªôÁªìÊûÑÁ†îÁ©∂/Êîπ 2019-21
03Latex/Êîπ2019-2103Latex/2a.pdf> <C:/Users/miaosilin/Documents/Latex_workingfi
les/‰∏≠ÂõΩÂüéÂ∏ÇÊàøÂú∞‰∫ß‰æõÁªôÁªìÊûÑÁ†îÁ©∂/Êîπ 2019-2103Latex/Êîπ2019-2103Late
x/2b.pdf>]

pdfTeX warning: pdflatex.exe (file C:/Users/miaosilin/Documents/Latex_workingfi
les/‰∏≠ÂõΩÂüéÂ∏ÇÊàøÂú∞‰∫ß‰æõÁªôÁªìÊûÑÁ†îÁ©∂/Êîπ 2019-2103Latex/Êîπ2019-2103Late
x/3a.pdf): PDF inclusion: found PDF version <1.6>, but at most version <1.5> al
lowed
<3a.pdf, id=272, 500.88231pt x 426.5922pt>
File: 3a.pdf Graphic file (type pdf)
 <use 3a.pdf>
Package pdftex.def Info: 3a.pdf used on input line 554.
(pdftex.def)             Requested size: 178.40106pt x 151.93924pt.

<3b.pdf, id=273, 208.92555pt x 153.40913pt>
File: 3b.pdf Graphic file (type pdf)
 <use 3b.pdf>
Package pdftex.def Info: 3b.pdf used on input line 555.
(pdftex.def)             Requested size: 201.86885pt x 148.22847pt.
 [9 <C:/Users/miaosilin/Documents/Latex_workingfiles/‰∏≠ÂõΩÂüéÂ∏ÇÊàøÂú∞‰∫ß‰æõÁª
ôÁªìÊûÑÁ†îÁ©∂/Êîπ 2019-2103Latex/Êîπ2019-2103Latex/3a.pdf> <C:/Users/miaosilin/
Documents/Latex_workingfiles/‰∏≠ÂõΩÂüéÂ∏ÇÊàøÂú∞‰∫ß‰æõÁªôÁªìÊûÑÁ†îÁ©∂/Êîπ 2019-2
103Latex/Êîπ2019-2103Latex/3b.pdf>] <4.pdf, id=337, 974.89218pt x 784.43062pt>
File: 4.pdf Graphic file (type pdf)
 <use 4.pdf>
Package pdftex.def Info: 4.pdf used on input line 567.
(pdftex.def)             Requested size: 281.68513pt x 226.65315pt.
 [10 <C:/Users/miaosilin/Documents/Latex_workingfiles/‰∏≠ÂõΩÂüéÂ∏ÇÊàøÂú∞‰∫ß‰æõÁ
ªôÁªìÊûÑÁ†îÁ©∂/Êîπ 2019-2103Latex/Êîπ2019-2103Latex/4.pdf>] [11]
Overfull \hbox (18.45845pt too wide) in paragraph at lines 653--655
\OT1/cmr/m/n/9 Fang J G. An anal-y-sis on de-vel-op-ing a long-term mech-a-nis-
m for gov-er-nance of the re-al es-tate mar-ket[J].Macroeconomic
 []

Package atveryend Info: Empty hook `BeforeClearDocument' on input line 696.
[12]
Package atveryend Info: Empty hook `AfterLastShipout' on input line 696.
Package atveryend Info: Executing hook `AtVeryEndDocument' on input line 696.
Package atveryend Info: Empty hook `AtEndAfterFileList' on input line 696.


LaTeX Warning: There were undefined references.

 ) 
Here is how much of TeX's memory you used:
 6701 strings out of 495354
 92696 string characters out of 3183859
 209519 words of memory out of 3000000
 9611 multiletter control sequences out of 15000+200000
 82450 words of font info for 284 fonts, out of 3000000 for 9000
 14 hyphenation exceptions out of 8191
 32i,17n,25p,1740b,393s stack positions out of 5000i,500n,10000p,200000b,50000s
<D:/CTEX/CTeX/fonts/truetype/chinese/simsun.ttf><D:/CTEX/CTeX/fonts/truetype/
chinese/simsun.ttf><D:/CTEX/CTeX/fonts/truetype/chinese/simsun.ttf><D:/CTEX/CTe
X/fonts/truetype/chinese/simsun.ttf><C:/Windows/Fonts/simhei.ttf><C:/Windows/Fo
nts/simhei.ttf><C:/Windows/Fonts/simhei.ttf><D:/CTEX/CTeX/fonts/truetype/chines
e/simsun.ttf><C:/Windows/Fonts/simhei.ttf><C:/Windows/Fonts/simhei.ttf><C:/Wind
ows/Fonts/simhei.ttf><C:/Windows/Fonts/simhei.ttf><C:/Windows/Fonts/simhei.ttf>
<C:/Windows/Fonts/simhei.ttf><C:/Windows/Fonts/simhei.ttf><C:/Windows/Fonts/sim
hei.ttf><D:/CTEX/CTeX/fonts/truetype/chinese/simsun.ttf><D:/CTEX/CTeX/fonts/tru
etype/chinese/simsun.ttf><D:/CTEX/CTeX/fonts/truetype/chinese/simsun.ttf><D:/CT
EX/CTeX/fonts/truetype/chinese/simsun.ttf><D:/CTEX/CTeX/fonts/truetype/chinese/
simsun.ttf><D:/CTEX/CTeX/fonts/truetype/chinese/simsun.ttf><D:/CTEX/CTeX/fonts/
truetype/chinese/simsun.ttf><D:/CTEX/CTeX/fonts/truetype/chinese/simsun.ttf><C:
/Windows/Fonts/simhei.ttf><C:/Windows/Fonts/simhei.ttf><C:/Windows/Fonts/simhei
.ttf><C:/Windows/Fonts/simhei.ttf><D:/CTEX/CTeX/fonts/truetype/chinese/simsun.t
tf><D:/CTEX/CTeX/fonts/truetype/chinese/simsun.ttf><D:/CTEX/CTeX/fonts/truetype
/chinese/simsun.ttf><D:/CTEX/CTeX/fonts/truetype/chinese/simsun.ttf><D:/CTEX/CT
eX/fonts/truetype/chinese/simsun.ttf><D:/CTEX/CTeX/fonts/truetype/chinese/simsu
n.ttf><D:/CTEX/CTeX/fonts/truetype/chinese/simsun.ttf><C:/Windows/Fonts/simhei.
ttf><C:/Windows/Fonts/simhei.ttf><C:/Windows/Fonts/simhei.ttf><C:/Windows/Fonts
/simhei.ttf><C:/Windows/Fonts/simhei.ttf><C:/Windows/Fonts/simfang.ttf><C:/Wind
ows/Fonts/simfang.ttf><C:/Windows/Fonts/simfang.ttf><C:/Windows/Fonts/simfang.t
tf><C:/Windows/Fonts/simfang.ttf><C:/Windows/Fonts/simfang.ttf><C:/Windows/Font
s/simfang.ttf><C:/Windows/Fonts/simfang.ttf><C:/Windows/Fonts/simhei.ttf><C:/Wi
ndows/Fonts/simhei.ttf><C:/Windows/Fonts/simfang.ttf><C:/Windows/Fonts/simfang.
ttf><C:/Windows/Fonts/simfang.ttf><C:/Windows/Fonts/simfang.ttf><C:/Windows/Fon
ts/simfang.ttf><C:/Windows/Fonts/simfang.ttf><C:/Windows/Fonts/simfang.ttf><C:/
Windows/Fonts/simfang.ttf><C:/Windows/Fonts/simfang.ttf><C:/Windows/Fonts/simfa
ng.ttf><C:/Windows/Fonts/simfang.ttf><C:/Windows/Fonts/simfang.ttf><C:/Windows/
Fonts/simfang.ttf><C:/Windows/Fonts/simfang.ttf><C:/Windows/Fonts/simfang.ttf><
C:/Windows/Fonts/simfang.ttf><C:/Windows/Fonts/simfang.ttf><C:/Windows/Fonts/si
mfang.ttf><C:/Windows/Fonts/simfang.ttf><C:/Windows/Fonts/simfang.ttf><C:/Windo
ws/Fonts/simfang.ttf><C:/Windows/Fonts/simfang.ttf><C:/Windows/Fonts/simfang.tt
f><C:/Windows/Fonts/simfang.ttf><C:/Windows/Fonts/simfang.ttf><C:/Windows/Fonts
/simfang.ttf><C:/Windows/Fonts/simfang.ttf><C:/Windows/Fonts/simfang.ttf><C:/Wi
ndows/Fonts/simhei.ttf><C:/Windows/Fonts/simhei.ttf><C:/Windows/Fonts/simhei.tt
f><C:/Windows/Fonts/simhei.ttf><C:/Windows/Fonts/simhei.ttf><C:/Windows/Fonts/s
imhei.ttf><C:/Windows/Fonts/simhei.ttf><C:/Windows/Fonts/simhei.ttf><C:/Windows
/Fonts/simhei.ttf><D:/CTEX/CTeX/fonts/truetype/chinese/simsun.ttf><D:/CTEX/CTeX
/fonts/truetype/chinese/simsun.ttf><D:/CTEX/CTeX/fonts/truetype/chinese/simsun.
ttf><D:/CTEX/CTeX/fonts/truetype/chinese/simsun.ttf><D:/CTEX/CTeX/fonts/truetyp
e/chinese/simsun.ttf><D:/CTEX/CTeX/fonts/truetype/chinese/simsun.ttf><D:/CTEX/C
TeX/fonts/truetype/chinese/simsun.ttf><D:/CTEX/CTeX/fonts/truetype/chinese/sims
un.ttf><D:/CTEX/CTeX/fonts/truetype/chinese/simsun.ttf><D:/CTEX/CTeX/fonts/true
type/chinese/simsun.ttf><D:/CTEX/CTeX/fonts/truetype/chinese/simsun.ttf><D:/CTE
X/CTeX/fonts/truetype/chinese/simsun.ttf><D:/CTEX/CTeX/fonts/truetype/chinese/s
imsun.ttf><D:/CTEX/CTeX/fonts/truetype/chinese/simsun.ttf><D:/CTEX/CTeX/fonts/t
ruetype/chinese/simsun.ttf><D:/CTEX/CTeX/fonts/truetype/chinese/simsun.ttf><D:/
CTEX/CTeX/fonts/truetype/chinese/simsun.ttf><D:/CTEX/CTeX/fonts/truetype/chines
e/simsun.ttf><D:/CTEX/CTeX/fonts/truetype/chinese/simsun.ttf><D:/CTEX/MiKTeX/fo
nts/type1/public/amsfonts/cm/cmbsy10.pfb><D:/CTEX/MiKTeX/fonts/type1/public/ams
fonts/cm/cmbx10.pfb><D:/CTEX/MiKTeX/fonts/type1/public/amsfonts/cm/cmbx12.pfb><
D:/CTEX/MiKTeX/fonts/type1/public/amsfonts/cm/cmbx8.pfb><D:/CTEX/MiKTeX/fonts/t
ype1/public/amsfonts/cm/cmbx9.pfb><D:/CTEX/MiKTeX/fonts/type1/public/amsfonts/c
m/cmex10.pfb><D:/CTEX/MiKTeX/fonts/type1/public/amsfonts/cm/cmmi10.pfb><D:/CTEX
/MiKTeX/fonts/type1/public/amsfonts/cm/cmmi5.pfb><D:/CTEX/MiKTeX/fonts/type1/pu
blic/amsfonts/cm/cmmi6.pfb><D:/CTEX/MiKTeX/fonts/type1/public/amsfonts/cm/cmmi7
.pfb><D:/CTEX/MiKTeX/fonts/type1/public/amsfonts/cm/cmmi9.pfb><D:/CTEX/MiKTeX/f
onts/type1/public/amsfonts/cm/cmr10.pfb><D:/CTEX/MiKTeX/fonts/type1/public/amsf
onts/cm/cmr5.pfb><D:/CTEX/MiKTeX/fonts/type1/public/amsfonts/cm/cmr6.pfb><D:/CT
EX/MiKTeX/fonts/type1/public/amsfonts/cm/cmr7.pfb><D:/CTEX/MiKTeX/fonts/type1/p
ublic/amsfonts/cm/cmr8.pfb><D:/CTEX/MiKTeX/fonts/type1/public/amsfonts/cm/cmr9.
pfb><D:/CTEX/MiKTeX/fonts/type1/public/amsfonts/cm/cmsy10.pfb><D:/CTEX/MiKTeX/f
onts/type1/public/amsfonts/cm/cmsy7.pfb>
Output written on 2019-2103latex.pdf (12 pages, 6671057 bytes).
PDF statistics:
 753 PDF objects out of 1000 (max. 8388607)
 27 named destinations out of 1000 (max. 500000)
 31 words of extra memory for PDF output out of 10000 (max. 10000000)

